<?xml version="1.0" encoding="UTF-8"?>
<testsuite name="ParkingLotProblemTestCases" tests="1" skipped="0" failures="0" errors="0" timestamp="2020-04-22T03:36:25" hostname="DESKTOP-7UGSU5P" time="0.002">
  <properties/>
  <testcase name="givenVehicles_WhenFull_ShouldInformOwner" classname="ParkingLotProblemTestCases" time="0.002"/>
  <system-out><![CDATA[]]></system-out>
  <system-err><![CDATA[]]></system-err>
</testsuite>
