<?xml version="1.0" encoding="UTF-8"?>
<testsuite name="ParkingLotProblemTestCases" tests="1" skipped="0" failures="0" errors="0" timestamp="2020-04-22T02:41:24" hostname="DESKTOP-7UGSU5P" time="0.003">
  <properties/>
  <testcase name="givenVehicle_WhenParked_ShouldReturnTrue" classname="ParkingLotProblemTestCases" time="0.003"/>
  <system-out><![CDATA[]]></system-out>
  <system-err><![CDATA[]]></system-err>
</testsuite>
